<?xml version="1.0" encoding="UTF-8"?>
<!-- Generated by org.testng.reporters.JUnitReportReporter -->
<testsuite hostname="DESKTOP-7MR7K0D" failures="0" tests="1" name="serilization.Serialization_pojo" time="1.170" errors="0" timestamp="2022-02-03T12:16:41 IST" skipped="0">
  <testcase classname="serilization.Serialization_pojo" name="serialization" time="1.170"/>
  <system-out/>
</testsuite> <!-- serilization.Serialization_pojo -->
