<?xml version="1.0" encoding="UTF-8"?>
<!-- Generated by org.testng.reporters.JUnitReportReporter -->
<testsuite hostname="DESKTOP-7MR7K0D" failures="0" tests="1" name="serilization.SerializationObjectArray" time="0.803" errors="0" timestamp="2022-01-27T13:13:54 IST" skipped="0">
  <testcase classname="serilization.SerializationObjectArray" name="serialization" time="0.803"/>
  <system-out/>
</testsuite> <!-- serilization.SerializationObjectArray -->
