<?xml version="1.0" encoding="UTF-8"?>
<!-- Generated by org.testng.reporters.JUnitReportReporter -->
<testsuite hostname="DESKTOP-7MR7K0D" failures="0" tests="1" name="serilization.SerializationPojoObj" time="0.516" errors="0" timestamp="2022-01-27T13:30:09 IST" skipped="0">
  <testcase classname="serilization.SerializationPojoObj" name="serialization" time="0.516"/>
  <system-out/>
</testsuite> <!-- serilization.SerializationPojoObj -->
