<?xml version="1.0" encoding="UTF-8"?>
<!-- Generated by org.testng.reporters.JUnitReportReporter -->
<testsuite hostname="DESKTOP-7MR7K0D" failures="0" tests="1" name="serilization.DeserealizationObject" time="0.554" errors="0" timestamp="2022-01-27T14:00:13 IST" skipped="0">
  <testcase classname="serilization.DeserealizationObject" name="deSerialization" time="0.554"/>
  <system-out/>
</testsuite> <!-- serilization.DeserealizationObject -->
