<?xml version="1.0" encoding="UTF-8"?>
<!-- Generated by org.testng.reporters.JUnitReportReporter -->
<testsuite hostname="DESKTOP-7MR7K0D" failures="0" tests="1" name="serilization.SerilizationPojoLib" time="0.606" errors="0" timestamp="2022-01-27T12:47:40 IST" skipped="0">
  <testcase classname="serilization.SerilizationPojoLib" name="serialization" time="0.606"/>
  <system-out/>
</testsuite> <!-- serilization.SerilizationPojoLib -->
